TN:
SF:src\modules\appointments\services\CreateAppointmentService.ts
FN:28,__decorate
FN:28,__metadata
FN:28,__param
FN:28,__awaiter
FN:28,adopt
FN:28,fulfilled
FN:28,rejected
FN:28,step
FN:28,__generator
FN:28,sent
FN:28,g.<computed>
FN:28,verb
FN:28,step
FN:28,__importDefault
FN:15,CreateAppointmentService
FN:17,CreateAppointmentService.execute
FNF:16
FNH:14
FNDA:1,__decorate
FNDA:1,__metadata
FNDA:1,__param
FNDA:3,__awaiter
FNDA:5,adopt
FNDA:5,fulfilled
FNDA:0,rejected
FNDA:7,step
FNDA:3,__generator
FNDA:5,sent
FNDA:0,g.<computed>
FNDA:9,verb
FNDA:8,step
FNDA:1,__importDefault
FNDA:2,CreateAppointmentService
FNDA:3,CreateAppointmentService.execute
DA:1,1
DA:2,1
DA:3,1
DA:4,1
DA:5,1
DA:6,1
DA:7,1
DA:8,1
DA:9,1
DA:10,1
DA:11,1
DA:12,1
DA:13,1
DA:14,1
DA:15,1
DA:16,1
DA:17,1
DA:18,3
DA:19,3
DA:20,3
DA:21,2
DA:22,2
DA:23,2
DA:24,2
DA:25,3
DA:26,3
DA:27,1
DA:28,1
LF:28
LH:28
BRDA:28,0,0,1
BRDA:28,1,0,1
BRDA:28,2,0,0
BRDA:28,3,0,0
BRDA:28,4,0,0
BRDA:28,5,0,0
BRDA:28,6,0,1
BRDA:28,7,0,1
BRDA:28,8,0,1
BRDA:28,9,0,3
BRDA:28,10,0,5
BRDA:28,11,0,0
BRDA:28,12,0,3
BRDA:28,13,0,5
BRDA:28,14,0,4
BRDA:28,15,0,1
BRDA:28,16,0,7
BRDA:28,17,0,2
BRDA:28,18,0,5
BRDA:28,19,0,3
BRDA:28,20,0,5
BRDA:28,21,0,0
BRDA:28,22,0,9
BRDA:28,23,0,8
BRDA:28,24,0,8
BRDA:28,25,0,0
BRDA:28,26,0,16
BRDA:28,27,0,0
BRDA:28,28,0,0
BRDA:28,29,0,0
BRDA:28,30,0,0
BRDA:28,31,0,8
BRDA:28,32,0,8
BRDA:28,33,0,5
BRDA:28,34,0,0
BRDA:28,35,0,0
BRDA:28,36,0,3
BRDA:28,37,0,0
BRDA:28,38,0,2
BRDA:28,39,0,0
BRDA:28,40,0,0
BRDA:28,41,0,0
BRDA:28,42,0,0
BRDA:28,43,0,8
BRDA:28,44,0,7
BRDA:28,45,0,1
BRDA:28,46,0,8
BRDA:28,47,0,3
BRDA:28,48,0,1
BRDA:28,49,0,2
BRDA:28,50,0,0
BRDA:28,51,0,1
BRDA:28,52,0,0
BRDA:13,53,0,1
BRDA:15,54,0,2
BRDA:17,55,0,3
BRDA:28,56,0,3
BRDA:28,57,0,8
BRDA:28,58,0,3
BRDA:28,59,0,3
BRDA:20,60,0,1
BRDA:20,61,0,2
BRDA:28,62,0,2
BRF:63
BRH:43
end_of_record
TN:
SF:src\modules\users\services\AuthenticateUserService.ts
FN:60,__decorate
FN:60,__metadata
FN:60,__param
FN:60,__awaiter
FN:60,adopt
FN:60,fulfilled
FN:60,rejected
FN:60,step
FN:60,__generator
FN:60,sent
FN:60,g.<computed>
FN:60,verb
FN:60,step
FN:60,__importDefault
FN:23,AuthenticateUserService
FN:31,AuthenticateUserService.execute
FNF:16
FNH:14
FNDA:1,__decorate
FNDA:1,__metadata
FNDA:2,__param
FNDA:3,__awaiter
FNDA:5,adopt
FNDA:5,fulfilled
FNDA:0,rejected
FNDA:6,step
FNDA:3,__generator
FNDA:5,sent
FNDA:0,g.<computed>
FNDA:9,verb
FNDA:8,step
FNDA:2,__importDefault
FNDA:3,AuthenticateUserService
FNDA:3,AuthenticateUserService.execute
DA:1,1
DA:2,1
DA:3,1
DA:4,1
DA:5,1
DA:6,1
DA:7,1
DA:8,1
DA:9,1
DA:10,1
DA:11,1
DA:12,1
DA:13,1
DA:14,1
DA:15,1
DA:16,1
DA:17,1
DA:18,1
DA:19,1
DA:20,1
DA:21,1
DA:22,1
DA:23,1
DA:24,3
DA:25,3
DA:26,3
DA:27,3
DA:28,3
DA:29,3
DA:30,1
DA:31,1
DA:32,3
DA:33,3
DA:34,3
DA:35,3
DA:36,1
DA:37,1
DA:38,2
DA:39,2
DA:40,3
DA:41,3
DA:42,1
DA:43,1
DA:44,1
DA:45,1
DA:46,1
DA:47,1
DA:48,1
DA:49,1
DA:50,1
DA:51,1
DA:52,1
DA:53,1
DA:54,1
DA:55,1
DA:56,3
DA:57,3
DA:58,1
DA:59,1
DA:60,1
LF:60
LH:60
BRDA:60,0,0,1
BRDA:60,1,0,1
BRDA:60,2,0,0
BRDA:60,3,0,0
BRDA:60,4,0,0
BRDA:60,5,0,0
BRDA:60,6,0,1
BRDA:60,7,0,2
BRDA:60,8,0,2
BRDA:60,9,0,3
BRDA:60,10,0,5
BRDA:60,11,0,0
BRDA:60,12,0,3
BRDA:60,13,0,5
BRDA:60,14,0,3
BRDA:60,15,0,2
BRDA:60,16,0,6
BRDA:60,17,0,1
BRDA:60,18,0,5
BRDA:60,19,0,3
BRDA:60,20,0,5
BRDA:60,21,0,0
BRDA:60,22,0,9
BRDA:60,23,0,8
BRDA:60,24,0,8
BRDA:60,25,0,0
BRDA:60,26,0,16
BRDA:60,27,0,0
BRDA:60,28,0,0
BRDA:60,29,0,0
BRDA:60,30,0,0
BRDA:60,31,0,8
BRDA:60,32,0,8
BRDA:60,33,0,5
BRDA:60,34,0,0
BRDA:60,35,0,0
BRDA:60,36,0,3
BRDA:60,37,0,0
BRDA:60,38,0,1
BRDA:60,39,0,0
BRDA:60,40,0,0
BRDA:60,41,0,0
BRDA:60,42,0,0
BRDA:60,43,0,8
BRDA:60,44,0,6
BRDA:60,45,0,2
BRDA:60,46,0,8
BRDA:60,47,0,3
BRDA:60,48,0,2
BRDA:60,49,0,1
BRDA:60,50,0,0
BRDA:60,51,0,2
BRDA:60,52,0,0
BRDA:21,53,0,1
BRDA:23,54,0,3
BRDA:31,55,0,3
BRDA:60,56,0,3
BRDA:60,57,0,8
BRDA:33,58,0,3
BRDA:60,59,0,3
BRDA:35,60,0,1
BRDA:37,61,0,2
BRDA:60,62,0,2
BRDA:41,63,0,1
BRF:64
BRH:44
end_of_record
TN:
SF:src\modules\users\services\CreateUserService.ts
FN:43,__decorate
FN:43,__metadata
FN:43,__param
FN:43,__awaiter
FN:43,adopt
FN:43,fulfilled
FN:43,rejected
FN:43,step
FN:43,__generator
FN:43,sent
FN:43,g.<computed>
FN:43,verb
FN:43,step
FN:43,__importDefault
FN:17,CreateUserService
FN:25,CreateUserService.execute
FNF:16
FNH:14
FNDA:2,__decorate
FNDA:2,__metadata
FNDA:4,__param
FNDA:5,__awaiter
FNDA:13,adopt
FNDA:13,fulfilled
FNDA:0,rejected
FNDA:17,step
FNDA:5,__generator
FNDA:13,sent
FNDA:0,g.<computed>
FNDA:15,verb
FNDA:18,step
FNDA:2,__importDefault
FNDA:4,CreateUserService
FNDA:5,CreateUserService.execute
DA:1,1
DA:2,1
DA:3,1
DA:4,1
DA:5,1
DA:6,1
DA:7,1
DA:8,1
DA:9,1
DA:10,1
DA:11,1
DA:12,1
DA:13,1
DA:14,1
DA:15,2
DA:16,2
DA:17,2
DA:18,4
DA:19,4
DA:20,4
DA:21,4
DA:22,4
DA:23,4
DA:24,2
DA:25,2
DA:26,5
DA:27,5
DA:28,1
DA:29,1
DA:30,4
DA:31,4
DA:32,5
DA:33,5
DA:34,5
DA:35,5
DA:36,5
DA:37,5
DA:38,5
DA:39,5
DA:40,5
DA:41,2
DA:42,1
DA:43,1
LF:43
LH:43
BRDA:43,0,0,2
BRDA:43,1,0,2
BRDA:43,2,0,0
BRDA:43,3,0,0
BRDA:43,4,0,0
BRDA:43,5,0,0
BRDA:43,6,0,2
BRDA:43,7,0,4
BRDA:43,8,0,4
BRDA:43,9,0,5
BRDA:43,10,0,13
BRDA:43,11,0,0
BRDA:43,12,0,5
BRDA:43,13,0,13
BRDA:43,14,0,12
BRDA:43,15,0,1
BRDA:43,16,0,17
BRDA:43,17,0,4
BRDA:43,18,0,13
BRDA:43,19,0,5
BRDA:43,20,0,13
BRDA:43,21,0,0
BRDA:43,22,0,15
BRDA:43,23,0,18
BRDA:43,24,0,18
BRDA:43,25,0,0
BRDA:43,26,0,36
BRDA:43,27,0,0
BRDA:43,28,0,0
BRDA:43,29,0,0
BRDA:43,30,0,0
BRDA:43,31,0,18
BRDA:43,32,0,18
BRDA:43,33,0,13
BRDA:43,34,0,0
BRDA:43,35,0,0
BRDA:43,36,0,5
BRDA:43,37,0,0
BRDA:43,38,0,4
BRDA:43,39,0,0
BRDA:43,40,0,0
BRDA:43,41,0,0
BRDA:43,42,0,0
BRDA:43,43,0,28
BRDA:43,44,0,18
BRDA:43,45,0,17
BRDA:43,46,0,1
BRDA:43,47,0,18
BRDA:43,48,0,5
BRDA:43,49,0,1
BRDA:43,50,0,4
BRDA:43,51,0,0
BRDA:43,52,0,2
BRDA:43,53,0,0
BRDA:15,54,0,2
BRDA:17,55,0,4
BRDA:25,56,0,5
BRDA:43,57,0,5
BRDA:43,58,0,18
BRDA:26,59,0,5
BRDA:43,60,0,5
BRDA:27,61,0,1
BRDA:29,62,0,4
BRDA:43,63,0,4
BRDA:43,64,0,4
BRF:65
BRH:45
end_of_record
TN:
SF:src\modules\users\services\ResetPasswordService.ts
FN:54,__decorate
FN:54,__metadata
FN:54,__param
FN:54,__awaiter
FN:54,adopt
FN:54,fulfilled
FN:54,rejected
FN:54,step
FN:54,__generator
FN:54,sent
FN:54,g.<computed>
FN:54,verb
FN:54,step
FN:54,__importDefault
FN:16,ResetPasswordService
FN:27,ResetPasswordService.execute
FNF:16
FNH:14
FNDA:1,__decorate
FNDA:1,__metadata
FNDA:3,__param
FNDA:4,__awaiter
FNDA:9,adopt
FNDA:9,fulfilled
FNDA:0,rejected
FNDA:10,step
FNDA:4,__generator
FNDA:9,sent
FNDA:0,g.<computed>
FNDA:12,verb
FNDA:13,step
FNDA:1,__importDefault
FNDA:4,ResetPasswordService
FNDA:4,ResetPasswordService.execute
DA:1,1
DA:2,1
DA:3,1
DA:4,1
DA:5,1
DA:6,1
DA:7,1
DA:8,1
DA:9,1
DA:10,1
DA:11,1
DA:12,1
DA:13,1
DA:14,1
DA:15,1
DA:16,1
DA:17,4
DA:18,4
DA:19,4
DA:20,4
DA:21,4
DA:22,4
DA:23,4
DA:24,4
DA:25,4
DA:26,1
DA:27,1
DA:28,4
DA:29,4
DA:30,4
DA:31,1
DA:32,1
DA:33,3
DA:34,3
DA:35,4
DA:36,4
DA:37,1
DA:38,1
DA:39,2
DA:40,2
DA:41,2
DA:42,2
DA:43,4
DA:44,1
DA:45,1
DA:46,1
DA:47,1
DA:48,4
DA:49,4
DA:50,4
DA:51,4
DA:52,1
DA:53,1
DA:54,1
LF:54
LH:54
BRDA:54,0,0,1
BRDA:54,1,0,1
BRDA:54,2,0,0
BRDA:54,3,0,0
BRDA:54,4,0,0
BRDA:54,5,0,0
BRDA:54,6,0,1
BRDA:54,7,0,3
BRDA:54,8,0,3
BRDA:54,9,0,4
BRDA:54,10,0,9
BRDA:54,11,0,0
BRDA:54,12,0,4
BRDA:54,13,0,9
BRDA:54,14,0,6
BRDA:54,15,0,3
BRDA:54,16,0,10
BRDA:54,17,0,1
BRDA:54,18,0,9
BRDA:54,19,0,4
BRDA:54,20,0,9
BRDA:54,21,0,0
BRDA:54,22,0,12
BRDA:54,23,0,13
BRDA:54,24,0,13
BRDA:54,25,0,0
BRDA:54,26,0,26
BRDA:54,27,0,0
BRDA:54,28,0,0
BRDA:54,29,0,0
BRDA:54,30,0,0
BRDA:54,31,0,13
BRDA:54,32,0,13
BRDA:54,33,0,9
BRDA:54,34,0,0
BRDA:54,35,0,0
BRDA:54,36,0,4
BRDA:54,37,0,0
BRDA:54,38,0,1
BRDA:54,39,0,0
BRDA:54,40,0,0
BRDA:54,41,0,0
BRDA:54,42,0,0
BRDA:54,43,0,13
BRDA:54,44,0,10
BRDA:54,45,0,3
BRDA:54,46,0,13
BRDA:54,47,0,4
BRDA:54,48,0,3
BRDA:54,49,0,1
BRDA:54,50,0,0
BRDA:54,51,0,1
BRDA:54,52,0,0
BRDA:14,53,0,1
BRDA:16,54,0,4
BRDA:27,55,0,4
BRDA:54,56,0,4
BRDA:54,57,0,13
BRDA:28,58,0,4
BRDA:54,59,0,4
BRDA:30,60,0,1
BRDA:32,61,0,3
BRDA:54,62,0,3
BRDA:36,63,0,1
BRDA:38,64,0,2
BRDA:43,65,0,1
BRDA:54,66,0,1
BRDA:54,67,0,1
BRF:68
BRH:48
end_of_record
TN:
SF:src\modules\users\services\SendForgotPasswordEmailService.ts
FN:59,__decorate
FN:59,__metadata
FN:59,__param
FN:59,__awaiter
FN:59,adopt
FN:59,fulfilled
FN:59,rejected
FN:59,step
FN:59,__generator
FN:59,sent
FN:59,g.<computed>
FN:59,verb
FN:59,step
FN:59,__importDefault
FN:15,SendForgotPasswordEmailService
FN:26,SendForgotPasswordEmailService.execute
FNF:16
FNH:14
FNDA:1,__decorate
FNDA:1,__metadata
FNDA:3,__param
FNDA:3,__awaiter
FNDA:7,adopt
FNDA:7,fulfilled
FNDA:0,rejected
FNDA:9,step
FNDA:3,__generator
FNDA:7,sent
FNDA:0,g.<computed>
FNDA:9,verb
FNDA:10,step
FNDA:2,__importDefault
FNDA:3,SendForgotPasswordEmailService
FNDA:3,SendForgotPasswordEmailService.execute
DA:1,1
DA:2,1
DA:3,1
DA:4,1
DA:5,1
DA:6,1
DA:7,1
DA:8,1
DA:9,1
DA:10,1
DA:11,1
DA:12,1
DA:13,1
DA:14,1
DA:15,1
DA:16,3
DA:17,3
DA:18,3
DA:19,3
DA:20,3
DA:21,3
DA:22,3
DA:23,3
DA:24,3
DA:25,1
DA:26,1
DA:27,3
DA:28,3
DA:29,3
DA:30,1
DA:31,1
DA:32,2
DA:33,2
DA:34,3
DA:35,3
DA:36,3
DA:37,3
DA:38,3
DA:39,3
DA:40,3
DA:41,3
DA:42,3
DA:43,3
DA:44,3
DA:45,3
DA:46,3
DA:47,3
DA:48,3
DA:49,3
DA:50,3
DA:51,3
DA:52,3
DA:53,3
DA:54,3
DA:55,3
DA:56,3
DA:57,1
DA:58,1
DA:59,1
LF:59
LH:59
BRDA:59,0,0,1
BRDA:59,1,0,1
BRDA:59,2,0,0
BRDA:59,3,0,0
BRDA:59,4,0,0
BRDA:59,5,0,0
BRDA:59,6,0,1
BRDA:59,7,0,3
BRDA:59,8,0,3
BRDA:59,9,0,3
BRDA:59,10,0,7
BRDA:59,11,0,0
BRDA:59,12,0,3
BRDA:59,13,0,7
BRDA:59,14,0,6
BRDA:59,15,0,1
BRDA:59,16,0,9
BRDA:59,17,0,2
BRDA:59,18,0,7
BRDA:59,19,0,3
BRDA:59,20,0,7
BRDA:59,21,0,0
BRDA:59,22,0,9
BRDA:59,23,0,10
BRDA:59,24,0,10
BRDA:59,25,0,0
BRDA:59,26,0,20
BRDA:59,27,0,0
BRDA:59,28,0,0
BRDA:59,29,0,0
BRDA:59,30,0,0
BRDA:59,31,0,10
BRDA:59,32,0,10
BRDA:59,33,0,7
BRDA:59,34,0,0
BRDA:59,35,0,0
BRDA:59,36,0,3
BRDA:59,37,0,0
BRDA:59,38,0,2
BRDA:59,39,0,0
BRDA:59,40,0,0
BRDA:59,41,0,0
BRDA:59,42,0,0
BRDA:59,43,0,10
BRDA:59,44,0,9
BRDA:59,45,0,1
BRDA:59,46,0,10
BRDA:59,47,0,3
BRDA:59,48,0,1
BRDA:59,49,0,2
BRDA:59,50,0,0
BRDA:59,51,0,2
BRDA:59,52,0,1
BRDA:59,53,0,1
BRDA:13,54,0,1
BRDA:15,55,0,3
BRDA:26,56,0,3
BRDA:59,57,0,3
BRDA:59,58,0,10
BRDA:27,59,0,3
BRDA:59,60,0,3
BRDA:29,61,0,1
BRDA:31,62,0,2
BRDA:59,63,0,2
BRDA:59,64,0,2
BRF:65
BRH:46
end_of_record
TN:
SF:src\modules\users\services\UpdateUserAvatarService.ts
FN:41,__decorate
FN:41,__metadata
FN:41,__param
FN:41,__awaiter
FN:41,adopt
FN:41,fulfilled
FN:41,rejected
FN:41,step
FN:41,__generator
FN:41,sent
FN:41,g.<computed>
FN:41,verb
FN:41,step
FN:41,__importDefault
FN:16,UpdateUserAvatarService
FN:24,UpdateUserAvatarService.execute
FNF:16
FNH:14
FNDA:1,__decorate
FNDA:1,__metadata
FNDA:2,__param
FNDA:4,__awaiter
FNDA:11,adopt
FNDA:11,fulfilled
FNDA:0,rejected
FNDA:14,step
FNDA:4,__generator
FNDA:11,sent
FNDA:0,g.<computed>
FNDA:12,verb
FNDA:15,step
FNDA:1,__importDefault
FNDA:3,UpdateUserAvatarService
FNDA:4,UpdateUserAvatarService.execute
DA:1,1
DA:2,1
DA:3,1
DA:4,1
DA:5,1
DA:6,1
DA:7,1
DA:8,1
DA:9,1
DA:10,1
DA:11,1
DA:12,1
DA:13,1
DA:14,1
DA:15,1
DA:16,1
DA:17,3
DA:18,3
DA:19,3
DA:20,3
DA:21,3
DA:22,3
DA:23,1
DA:24,1
DA:25,4
DA:26,4
DA:27,1
DA:28,1
DA:29,3
DA:30,1
DA:31,4
DA:32,4
DA:33,4
DA:34,4
DA:35,4
DA:36,4
DA:37,4
DA:38,4
DA:39,1
DA:40,1
DA:41,1
LF:41
LH:41
BRDA:41,0,0,1
BRDA:41,1,0,1
BRDA:41,2,0,0
BRDA:41,3,0,0
BRDA:41,4,0,0
BRDA:41,5,0,0
BRDA:41,6,0,1
BRDA:41,7,0,2
BRDA:41,8,0,2
BRDA:41,9,0,4
BRDA:41,10,0,11
BRDA:41,11,0,0
BRDA:41,12,0,4
BRDA:41,13,0,11
BRDA:41,14,0,10
BRDA:41,15,0,1
BRDA:41,16,0,14
BRDA:41,17,0,3
BRDA:41,18,0,11
BRDA:41,19,0,4
BRDA:41,20,0,11
BRDA:41,21,0,0
BRDA:41,22,0,12
BRDA:41,23,0,15
BRDA:41,24,0,15
BRDA:41,25,0,0
BRDA:41,26,0,32
BRDA:41,27,0,0
BRDA:41,28,0,0
BRDA:41,29,0,0
BRDA:41,30,0,0
BRDA:41,31,0,15
BRDA:41,32,0,15
BRDA:41,33,0,11
BRDA:41,34,0,0
BRDA:41,35,0,0
BRDA:41,36,0,6
BRDA:41,37,0,0
BRDA:41,38,0,5
BRDA:41,39,0,4
BRDA:41,40,0,2
BRDA:41,41,0,0
BRDA:41,42,0,2
BRDA:41,43,0,0
BRDA:41,44,0,0
BRDA:41,45,0,0
BRDA:41,46,0,17
BRDA:41,47,0,16
BRDA:41,48,0,1
BRDA:41,49,0,17
BRDA:41,50,0,4
BRDA:41,51,0,1
BRDA:41,52,0,3
BRDA:41,53,0,0
BRDA:41,54,0,1
BRDA:41,55,0,0
BRDA:14,56,0,1
BRDA:16,57,0,3
BRDA:24,58,0,4
BRDA:41,59,0,4
BRDA:41,60,0,17
BRDA:25,61,0,4
BRDA:41,62,0,4
BRDA:26,63,0,1
BRDA:28,64,0,3
BRDA:29,65,0,2
BRDA:29,66,0,1
BRDA:41,67,0,1
BRDA:33,68,0,3
BRDA:41,69,0,3
BRDA:41,70,0,3
BRF:71
BRH:51
end_of_record
